<?xml version="1.0" encoding="UTF-8"?>
<coverage generated="1712352405428" clover="3.2.0">
  <project timestamp="1712352405428" name="All files">
    <metrics statements="25" coveredstatements="24" conditionals="10" coveredconditionals="7" methods="4" coveredmethods="3" elements="39" coveredelements="34" complexity="0" loc="25" ncloc="25" packages="2" files="2" classes="2"/>
    <package name="components.Button">
      <metrics statements="7" coveredstatements="7" conditionals="1" coveredconditionals="1" methods="1" coveredmethods="1"/>
      <file name="Button.tsx" path="/Users/jonpekk/projects/jonpekkarinen-website/src/components/Button/Button.tsx">
        <metrics statements="7" coveredstatements="7" conditionals="1" coveredconditionals="1" methods="1" coveredmethods="1"/>
        <line num="1" count="1" type="cond" truecount="1" falsecount="0"/>
        <line num="2" count="1" type="stmt"/>
        <line num="3" count="1" type="stmt"/>
        <line num="4" count="1" type="stmt"/>
        <line num="5" count="1" type="stmt"/>
        <line num="6" count="1" type="stmt"/>
        <line num="7" count="1" type="stmt"/>
      </file>
    </package>
    <package name="tests">
      <metrics statements="18" coveredstatements="17" conditionals="9" coveredconditionals="6" methods="3" coveredmethods="2"/>
      <file name="test-utils.tsx" path="/Users/jonpekk/projects/jonpekkarinen-website/src/tests/test-utils.tsx">
        <metrics statements="18" coveredstatements="17" conditionals="9" coveredconditionals="6" methods="3" coveredmethods="2"/>
        <line num="1" count="1" type="stmt"/>
        <line num="2" count="1" type="stmt"/>
        <line num="3" count="1" type="stmt"/>
        <line num="4" count="1" type="cond" truecount="1" falsecount="0"/>
        <line num="5" count="1" type="stmt"/>
        <line num="6" count="1" type="stmt"/>
        <line num="7" count="1" type="stmt"/>
        <line num="8" count="1" type="stmt"/>
        <line num="9" count="1" type="stmt"/>
        <line num="10" count="1" type="stmt"/>
        <line num="11" count="1" type="stmt"/>
        <line num="12" count="1" type="cond" truecount="1" falsecount="0"/>
        <line num="13" count="1" type="stmt"/>
        <line num="14" count="1" type="stmt"/>
        <line num="15" count="1" type="stmt"/>
        <line num="16" count="1" type="stmt"/>
        <line num="17" count="0" type="cond" truecount="4" falsecount="3"/>
        <line num="18" count="1" type="stmt"/>
      </file>
    </package>
  </project>
</coverage>
