{"/Users/jonpekk/projects/jonpekkarinen-website/src/components/Button/Button.tsx": {"path":"/Users/jonpekk/projects/jonpekkarinen-website/src/components/Button/Button.tsx","all":false,"statementMap":{"0":{"start":{"line":1,"column":0},"end":{"line":1,"column":19}},"1":{"start":{"line":2,"column":0},"end":{"line":2,"column":10}},"2":{"start":{"line":3,"column":0},"end":{"line":3,"column":20}},"3":{"start":{"line":4,"column":0},"end":{"line":4,"column":3}},"4":{"start":{"line":5,"column":0},"end":{"line":5,"column":1}},"5":{"start":{"line":6,"column":0},"end":{"line":6,"column":0}},"6":{"start":{"line":7,"column":0},"end":{"line":7,"column":21}}},"s":{"0":1,"1":1,"2":1,"3":1,"4":1,"5":1,"6":1},"branchMap":{"0":{"type":"branch","line":1,"loc":{"start":{"line":1,"column":0},"end":{"line":5,"column":1}},"locations":[{"start":{"line":1,"column":0},"end":{"line":5,"column":1}}]}},"b":{"0":[1]},"fnMap":{"0":{"name":"Button","decl":{"start":{"line":1,"column":0},"end":{"line":5,"column":1}},"loc":{"start":{"line":1,"column":0},"end":{"line":5,"column":1}},"line":1}},"f":{"0":1}}
,"/Users/jonpekk/projects/jonpekkarinen-website/src/tests/test-utils.tsx": {"path":"/Users/jonpekk/projects/jonpekkarinen-website/src/tests/test-utils.tsx","all":false,"statementMap":{"0":{"start":{"line":1,"column":0},"end":{"line":1,"column":43}},"1":{"start":{"line":2,"column":0},"end":{"line":2,"column":62}},"2":{"start":{"line":3,"column":0},"end":{"line":3,"column":0}},"3":{"start":{"line":4,"column":0},"end":{"line":4,"column":68}},"4":{"start":{"line":5,"column":0},"end":{"line":5,"column":10}},"5":{"start":{"line":6,"column":0},"end":{"line":6,"column":6}},"6":{"start":{"line":7,"column":0},"end":{"line":7,"column":16}},"7":{"start":{"line":8,"column":0},"end":{"line":8,"column":7}},"8":{"start":{"line":9,"column":0},"end":{"line":9,"column":3}},"9":{"start":{"line":10,"column":0},"end":{"line":10,"column":1}},"10":{"start":{"line":11,"column":0},"end":{"line":11,"column":0}},"11":{"start":{"line":12,"column":0},"end":{"line":12,"column":22}},"12":{"start":{"line":13,"column":0},"end":{"line":13,"column":19}},"13":{"start":{"line":14,"column":0},"end":{"line":14,"column":43}},"14":{"start":{"line":15,"column":0},"end":{"line":15,"column":51}},"15":{"start":{"line":16,"column":0},"end":{"line":16,"column":0}},"16":{"start":{"line":17,"column":0},"end":{"line":17,"column":38}},"17":{"start":{"line":18,"column":0},"end":{"line":18,"column":33}}},"s":{"0":1,"1":1,"2":1,"3":1,"4":1,"5":1,"6":1,"7":1,"8":1,"9":1,"10":1,"11":1,"12":1,"13":1,"14":1,"15":1,"16":0,"17":1},"branchMap":{"0":{"type":"branch","line":17,"loc":{"start":{"line":17,"column":0},"end":{"line":17,"column":38}},"locations":[{"start":{"line":17,"column":0},"end":{"line":17,"column":38}}]},"1":{"type":"branch","line":17,"loc":{"start":{"line":17,"column":0},"end":{"line":17,"column":38}},"locations":[{"start":{"line":17,"column":0},"end":{"line":17,"column":38}}]},"2":{"type":"branch","line":17,"loc":{"start":{"line":17,"column":0},"end":{"line":17,"column":38}},"locations":[{"start":{"line":17,"column":0},"end":{"line":17,"column":38}}]},"3":{"type":"branch","line":17,"loc":{"start":{"line":17,"column":0},"end":{"line":17,"column":38}},"locations":[{"start":{"line":17,"column":0},"end":{"line":17,"column":38}}]},"4":{"type":"branch","line":17,"loc":{"start":{"line":17,"column":0},"end":{"line":17,"column":38}},"locations":[{"start":{"line":17,"column":0},"end":{"line":17,"column":38}}]},"5":{"type":"branch","line":17,"loc":{"start":{"line":17,"column":0},"end":{"line":17,"column":38}},"locations":[{"start":{"line":17,"column":0},"end":{"line":17,"column":38}}]},"6":{"type":"branch","line":17,"loc":{"start":{"line":17,"column":0},"end":{"line":17,"column":38}},"locations":[{"start":{"line":17,"column":0},"end":{"line":17,"column":38}}]},"7":{"type":"branch","line":4,"loc":{"start":{"line":4,"column":18},"end":{"line":10,"column":1}},"locations":[{"start":{"line":4,"column":18},"end":{"line":10,"column":1}}]},"8":{"type":"branch","line":12,"loc":{"start":{"line":12,"column":21},"end":{"line":15,"column":51}},"locations":[{"start":{"line":12,"column":21},"end":{"line":15,"column":51}}]}},"b":{"0":[82],"1":[0],"2":[1],"3":[81],"4":[0],"5":[0],"6":[81],"7":[1],"8":[1]},"fnMap":{"0":{"name":"get","decl":{"start":{"line":17,"column":0},"end":{"line":17,"column":38}},"loc":{"start":{"line":17,"column":0},"end":{"line":17,"column":38}},"line":17},"1":{"name":"Providers","decl":{"start":{"line":4,"column":18},"end":{"line":10,"column":1}},"loc":{"start":{"line":4,"column":18},"end":{"line":10,"column":1}},"line":4},"2":{"name":"customRender","decl":{"start":{"line":12,"column":21},"end":{"line":15,"column":51}},"loc":{"start":{"line":12,"column":21},"end":{"line":15,"column":51}},"line":12}},"f":{"0":0,"1":1,"2":1}}
}
