TN:
SF:src/components/Button/Button.tsx
FN:1,Button
FNF:1
FNH:1
FNDA:1,Button
DA:1,1
DA:2,1
DA:3,1
DA:4,1
DA:5,1
DA:6,1
DA:7,1
LF:7
LH:7
BRDA:1,0,0,1
BRF:1
BRH:1
end_of_record
TN:
SF:src/tests/test-utils.tsx
FN:17,get
FN:4,Providers
FN:12,customRender
FNF:3
FNH:2
FNDA:0,get
FNDA:1,Providers
FNDA:1,customRender
DA:1,1
DA:2,1
DA:3,1
DA:4,1
DA:5,1
DA:6,1
DA:7,1
DA:8,1
DA:9,1
DA:10,1
DA:11,1
DA:12,1
DA:13,1
DA:14,1
DA:15,1
DA:16,1
DA:17,0
DA:18,1
LF:18
LH:17
BRDA:17,0,0,82
BRDA:17,1,0,0
BRDA:17,2,0,1
BRDA:17,3,0,81
BRDA:17,4,0,0
BRDA:17,5,0,0
BRDA:17,6,0,81
BRDA:4,7,0,1
BRDA:12,8,0,1
BRF:9
BRH:6
end_of_record
